[1024/061008.737:ERROR:directory_reader_win.cc(43)] FindFirstFile: O sistema nï¿½o pode encontrar o caminho especificado. (0x3)
[1019/174327.540:ERROR:directory_reader_win.cc(43)] FindFirstFile: O sistema nï¿½o pode encontrar o caminho especificado. (0x3)
[1020/133557.724:ERROR:directory_reader_win.cc(43)] FindFirstFile: O sistema nï¿½o pode encontrar o caminho especificado. (0x3)
[1020/210400.583:ERROR:directory_reader_win.cc(43)] FindFirstFile: O sistema nï¿½o pode encontrar o caminho especificado. (0x3)
[1021/113120.567:ERROR:directory_reader_win.cc(43)] FindFirstFile: O sistema nï¿½o pode encontrar o caminho especificado. (0x3)
[1021/131844.057:ERROR:directory_reader_win.cc(43)] FindFirstFile: O sistema nï¿½o pode encontrar o caminho especificado. (0x3)
[1021/173207.468:ERROR:directory_reader_win.cc(43)] FindFirstFile: O sistema nï¿½o pode encontrar o caminho especificado. (0x3)
[1021/174507.282:ERROR:directory_reader_win.cc(43)] FindFirstFile: O sistema nï¿½o pode encontrar o caminho especificado. (0x3)
[1021/180802.706:ERROR:directory_reader_win.cc(43)] FindFirstFile: O sistema nï¿½o pode encontrar o caminho especificado. (0x3)
[1022/140522.559:ERROR:directory_reader_win.cc(43)] FindFirstFile: O sistema nï¿½o pode encontrar o caminho especificado. (0x3)
[1022/151816.055:ERROR:directory_reader_win.cc(43)] FindFirstFile: O sistema nï¿½o pode encontrar o caminho especificado. (0x3)
[1022/162325.023:ERROR:directory_reader_win.cc(43)] FindFirstFile: O sistema nï¿½o pode encontrar o caminho especificado. (0x3)
[1024/144909.921:ERROR:directory_reader_win.cc(43)] FindFirstFile: O sistema nï¿½o pode encontrar o caminho especificado. (0x3)
[1025/123103.114:ERROR:directory_reader_win.cc(43)] FindFirstFile: O sistema nï¿½o pode encontrar o caminho especificado. (0x3)
[1025/210251.533:ERROR:directory_reader_win.cc(43)] FindFirstFile: O sistema nï¿½o pode encontrar o caminho especificado. (0x3)
[1029/103011.513:ERROR:directory_reader_win.cc(43)] FindFirstFile: O sistema nï¿½o pode encontrar o caminho especificado. (0x3)
<<<<<<< HEAD
[1029/144711.181:ERROR:directory_reader_win.cc(43)] FindFirstFile: O sistema não pode encontrar o caminho especificado. (0x3)
[1030/083501.149:ERROR:directory_reader_win.cc(43)] FindFirstFile: O sistema não pode encontrar o caminho especificado. (0x3)
[1030/191555.963:ERROR:directory_reader_win.cc(43)] FindFirstFile: O sistema não pode encontrar o caminho especificado. (0x3)
[1031/080626.209:ERROR:directory_reader_win.cc(43)] FindFirstFile: O sistema não pode encontrar o caminho especificado. (0x3)
[1031/143746.868:ERROR:directory_reader_win.cc(43)] FindFirstFile: O sistema não pode encontrar o caminho especificado. (0x3)
=======
>>>>>>> main
